[37mDEBU[0m[2025-03-27 10:45:46]main.go:132 main.main() Loaded configuration from environment or default file 
[37mDEBU[0m[2025-03-27 10:45:46]main.go:144 main.main() Attempting to ping the database...           
[36mINFO[0m[2025-03-27 10:45:46]main.go:150 main.main() Successfully connected to database            [36mdatabase[0m="postgres://postgres:haron@localhost:5432/Cdrrmo?sslmode=disable"
[37mDEBU[0m[2025-03-27 10:45:46]main.go:154 main.main() Initializing migrations...                   
[37mDEBU[0m[2025-03-27 10:45:46]main.go:161 main.main() Running migrations...                        
[36mINFO[0m[2025-03-27 10:45:46]main.go:167 main.main() Migrations applied successfully (or no changes needed)  [36mmigrationsPath[0m="file://../../internal/migrations"
[37mDEBU[0m[2025-03-27 10:45:46]main.go:170 main.main() Initializing session store...                
[37mDEBU[0m[2025-03-27 10:45:46]main.go:174 main.main() Creating new application context (App)...    
[37mDEBU[0m[2025-03-27 10:45:46]main.go:178 main.main() Initializing WebSocket hub...                
[37mDEBU[0m[2025-03-27 10:45:46]main.go:184 main.main() Ensuring 'uploads' folder exists...          
[37mDEBU[0m[2025-03-27 10:45:46]main.go:192 main.main() Creating new Gorilla mux router...           
[37mDEBU[0m[2025-03-27 10:45:46]main.go:196 main.main() Initializing controllers...                  
[37mDEBU[0m[2025-03-27 10:45:46]main.go:205 main.main() Defining application routes...               
[36mINFO[0m[2025-03-27 10:45:46]main.go:271 main.main() Starting server                               [36mport[0m=8080
[37mDEBU[0m[2025-03-27 10:49:25]main.go:253 main.main.func1() Upgrading to WebSocket                        [37mcorrelationID[0m=8055db2e-3505-46f1-bb69-c033e1888c24
[37mDEBU[0m[2025-03-27 10:49:25]main.go:253 main.main.func1() Upgrading to WebSocket                        [37mcorrelationID[0m=cfb5da30-ab43-420d-95c8-754051a015fe
[37mDEBU[0m[2025-03-27 10:49:32]main.go:253 main.main.func1() Upgrading to WebSocket                        [37mcorrelationID[0m=36ef78ab-b662-47b2-ad4c-ea77bdf36e77
[37mDEBU[0m[2025-03-27 10:49:32]main.go:253 main.main.func1() Upgrading to WebSocket                        [37mcorrelationID[0m=011f799d-81b0-4c58-a527-9ad28786b4b7
[37mDEBU[0m[2025-03-27 10:49:51]main.go:253 main.main.func1() Upgrading to WebSocket                        [37mcorrelationID[0m=2448f463-a87a-470f-87d9-28cd8d7bdfa8
[37mDEBU[0m[2025-03-27 10:49:51]main.go:253 main.main.func1() Upgrading to WebSocket                        [37mcorrelationID[0m=ab5c079d-cf33-4a6f-af3b-8a8a71c36849
[37mDEBU[0m[2025-03-27 10:49:59]main.go:253 main.main.func1() Upgrading to WebSocket                        [37mcorrelationID[0m=17e630e6-7e92-405e-acec-a57c8dfaf147
[37mDEBU[0m[2025-03-27 10:49:59]main.go:253 main.main.func1() Upgrading to WebSocket                        [37mcorrelationID[0m=dfbe9301-2bbc-480f-b132-249ca446c529
